This is LuaHBTeX, Version 1.15.0 (TeX Live 2022/Debian)  (format=lualatex 2025.7.28)  29 JUL 2025 12:18
 restricted system commands enabled.
**kema_invasion_moderne_R.tex
(./kema_invasion_moderne_R.tex
LaTeX2e <2022-11-01> patch level 1
Lua module: luaotfload 2022-10-03 3.23 Lua based OpenType font support
Lua module: lualibs 2022-10-04 2.75 ConTeXt Lua standard libraries.
Lua module: lualibs-extended 2022-10-04 2.75 ConTeXt Lua libraries -- extended c
ollection.
luaotfload | conf : Root cache directory is "/home/pmgrolle/.texlive2022/texmf-v
ar/luatex-cache/generic/names".
luaotfload | init : Loading fontloader "fontloader-2022-10-03.lua" from kpse-res
olved path "/usr/share/texlive/texmf-dist/tex/luatex/luaotfload/fontloader-2022-
10-03.lua".
Lua-only attribute luaotfload@noligature = 1
luaotfload | init : Context OpenType loader version 3.120
Inserting `luaotfload.node_processor' in `pre_linebreak_filter'.
Inserting `luaotfload.node_processor' in `hpack_filter'.
Inserting `luaotfload.glyph_stream' in `glyph_stream_provider'.
Inserting `luaotfload.define_font' in `define_font'.
Lua-only attribute luaotfload_color_attribute = 2
luaotfload | conf : Root cache directory is "/home/pmgrolle/.texlive2022/texmf-v
ar/luatex-cache/generic/names".
Inserting `luaotfload.harf.strip_prefix' in `find_opentype_file'.
Inserting `luaotfload.harf.strip_prefix' in `find_truetype_file'.
Removing  `luaotfload.glyph_stream' from `glyph_stream_provider'.
Inserting `luaotfload.harf.glyphstream' in `glyph_stream_provider'.
Inserting `luaotfload.harf.finalize_vlist' in `post_linebreak_filter'.
Inserting `luaotfload.harf.finalize_hlist' in `hpack_filter'.
Inserting `luaotfload.cleanup_files' in `wrapup_run'.
Inserting `luaotfload.harf.finalize_unicode' in `finish_pdffile'.
Inserting `luaotfload.glyphinfo' in `glyph_info'.
Lua-only attribute luaotfload.letterspace_done = 3
Inserting `luaotfload.aux.set_sscale_dimens' in `luaotfload.patch_font'.
Inserting `luaotfload.aux.set_font_index' in `luaotfload.patch_font'.
Inserting `luaotfload.aux.patch_cambria_domh' in `luaotfload.patch_font'.
Inserting `luaotfload.aux.fixup_fontdata' in `luaotfload.patch_font_unsafe'.
Inserting `luaotfload.aux.set_capheight' in `luaotfload.patch_font'.
Inserting `luaotfload.aux.set_xheight' in `luaotfload.patch_font'.
Inserting `luaotfload.rewrite_fontname' in `luaotfload.patch_font'. L3 programm
ing layer <2023-01-16>
Inserting `tracingstacklevels' in `input_level_string'.
(/usr/share/texlive/texmf-dist/tex/latex/standalone/standalone.cls
Document Class: standalone 2022/10/10 v1.3b Class to compile TeX sub-files stan
dalone
(/usr/share/texlive/texmf-dist/tex/latex/tools/shellesc.sty
Package: shellesc 2019/11/08 v1.0c unified shell escape interface for LaTeX
Package shellesc Info: Restricted shell escape enabled on input line 77.
)
(/usr/share/texlive/texmf-dist/tex/generic/iftex/ifluatex.sty
Package: ifluatex 2019/10/25 v1.5 ifluatex legacy package. Use iftex instead.

(/usr/share/texlive/texmf-dist/tex/generic/iftex/iftex.sty
Package: iftex 2022/02/03 v1.0f TeX engine tests
))
(/usr/share/texlive/texmf-dist/tex/latex/xkeyval/xkeyval.sty
Package: xkeyval 2022/06/16 v2.9 package option processing (HA)

(/usr/share/texlive/texmf-dist/tex/generic/xkeyval/xkeyval.tex
(/usr/share/texlive/texmf-dist/tex/generic/xkeyval/xkvutils.tex
\XKV@toks=\toks16
\XKV@tempa@toks=\toks17

(/usr/share/texlive/texmf-dist/tex/generic/xkeyval/keyval.tex))
\XKV@depth=\count183
File: xkeyval.tex 2014/12/03 v2.7a key=value parser (HA)
))
\sa@internal=\count184
\c@sapage=\count185

(/usr/share/texlive/texmf-dist/tex/latex/standalone/standalone.cfg
File: standalone.cfg 2022/10/10 v1.3b Default configuration file for 'standalon
e' class
)
(/usr/share/texlive/texmf-dist/tex/latex/base/article.cls
Document Class: article 2022/07/02 v1.4n Standard LaTeX document class
(/usr/share/texlive/texmf-dist/tex/latex/base/size10.clo
File: size10.clo 2022/07/02 v1.4n Standard LaTeX file (size option)
luaotfload | db : Font names database loaded from /home/pmgrolle/.texlive2022/te
xmf-var/luatex-cache/generic/names/luaotfload-names.luc.gz)
\c@part=\count186
\c@section=\count187
\c@subsection=\count188
\c@subsubsection=\count189
\c@paragraph=\count190
\c@subparagraph=\count191
\c@figure=\count192
\c@table=\count193
\abovecaptionskip=\skip48
\belowcaptionskip=\skip49
\bibindent=\dimen139
)
(/usr/share/texlive/texmf-dist/tex/generic/luatex85/luatex85.sty
Package: luatex85 2016/06/15 v1.4 pdftex aliases for luatex
)
(/usr/share/texlive/texmf-dist/tex/generic/pdftexcmds/pdftexcmds.sty
Package: pdftexcmds 2020-06-27 v0.33 Utility functions of pdfTeX for LuaTeX (HO
)

(/usr/share/texlive/texmf-dist/tex/generic/infwarerr/infwarerr.sty
Package: infwarerr 2019/12/03 v1.5 Providing info/warning/error messages (HO)
)
(/usr/share/texlive/texmf-dist/tex/generic/ltxcmds/ltxcmds.sty
Package: ltxcmds 2020-05-10 v1.25 LaTeX kernel commands for general use (HO)
)
Package pdftexcmds Info: \pdf@primitive is available.
Package pdftexcmds Info: \pdf@ifprimitive is available.
Package pdftexcmds Info: \pdfdraftmode found.
\pdftexcmds@toks=\toks18
)
(/usr/share/texmf/tex/latex/preview/preview.sty
Package: preview 2017/04/24 12.2 (AUCTeX/preview-latex)

(/usr/share/texmf/tex/latex/preview/prtightpage.def
\PreviewBorder=\dimen140
)
\pr@snippet=\count194
\pr@box=\box51
\pr@output=\toks19
))
(/usr/share/texlive/texmf-dist/tex/latex/geometry/geometry.sty
Package: geometry 2020/01/02 v5.9 Page Geometry

(/usr/share/texlive/texmf-dist/tex/generic/iftex/ifvtex.sty
Package: ifvtex 2019/10/25 v1.7 ifvtex legacy package. Use iftex instead.
)
\Gm@cnth=\count195
\Gm@cntv=\count196
\c@Gm@tempcnt=\count197
\Gm@bindingoffset=\dimen141
\Gm@wd@mp=\dimen142
\Gm@odd@mp=\dimen143
\Gm@even@mp=\dimen144
\Gm@layoutwidth=\dimen145
\Gm@layoutheight=\dimen146
\Gm@layouthoffset=\dimen147
\Gm@layoutvoffset=\dimen148
\Gm@dimlist=\toks20
)
(/usr/share/texlive/texmf-dist/tex/latex/base/psgo.sty
Package: psgo 2008/09/04, v0.17

`PSGO', <2008/09/04>, v0.17
(/usr/share/texlive/texmf-dist/tex/latex/pstricks/pstricks.sty
Package: pstricks 2022/19/23 v0.72 LaTeX wrapper for `PSTricks' (RN,HV)

(/usr/share/texlive/texmf-dist/tex/latex/xcolor/xcolor.sty
Package: xcolor 2022/06/12 v2.14 LaTeX color extensions (UK)

(/usr/share/texlive/texmf-dist/tex/latex/graphics-cfg/color.cfg
File: color.cfg 2016/01/02 v1.6 sample color configuration
)
Package xcolor Info: Driver file: luatex.def on input line 227.

(/usr/share/texlive/texmf-dist/tex/latex/graphics-def/luatex.def
File: luatex.def 2022/09/22 v1.2d Graphics/color driver for luatex
)
(/usr/share/texlive/texmf-dist/tex/latex/graphics/mathcolor.ltx)
Package xcolor Info: Model `cmy' substituted by `cmy0' on input line 1353.
Package xcolor Info: Model `hsb' substituted by `rgb' on input line 1357.
Package xcolor Info: Model `RGB' extended on input line 1369.
Package xcolor Info: Model `HTML' substituted by `rgb' on input line 1371.
Package xcolor Info: Model `Hsb' substituted by `hsb' on input line 1372.
Package xcolor Info: Model `tHsb' substituted by `hsb' on input line 1373.
Package xcolor Info: Model `HSB' substituted by `hsb' on input line 1374.
Package xcolor Info: Model `Gray' substituted by `gray' on input line 1375.
Package xcolor Info: Model `wave' substituted by `hsb' on input line 1376.
)
(/usr/share/texlive/texmf-dist/tex/generic/xkeyval/pst-xkey.tex
File: pst-xkey.tex 2005/11/25 v1.6 PSTricks specialization of xkeyval (HA)
)
(/usr/share/texlive/texmf-dist/tex/generic/pstricks/pstricks.tex
(/usr/share/texlive/texmf-dist/tex/generic/pstricks/pst-fp.tex
`pst-fp' v0.06, 2020/11/20 (hv)
\pstFP@xs=\count198
\pstFP@xia=\count199
\pstFP@xib=\count266
\pstFP@xfa=\count267
\pstFP@xfb=\count268
\pstFP@rega=\count269
\pstFP@regb=\count270
\pstFP@regs=\count271
\pstFP@times=\count272
)
(/usr/share/texlive/texmf-dist/tex/latex/pgf/utilities/pgffor.sty
(/usr/share/texlive/texmf-dist/tex/latex/pgf/utilities/pgfrcs.sty
(/usr/share/texlive/texmf-dist/tex/generic/pgf/utilities/pgfutil-common.tex
\pgfutil@everybye=\toks21
\pgfutil@tempdima=\dimen149
\pgfutil@tempdimb=\dimen150
)
(/usr/share/texlive/texmf-dist/tex/generic/pgf/utilities/pgfutil-latex.def
\pgfutil@abb=\box52
)
(/usr/share/texlive/texmf-dist/tex/generic/pgf/utilities/pgfrcs.code.tex
(/usr/share/texlive/texmf-dist/tex/generic/pgf/pgf.revision.tex)
Package: pgfrcs 2023-01-15 v3.1.10 (3.1.10)
))
(/usr/share/texlive/texmf-dist/tex/latex/pgf/utilities/pgfkeys.sty
(/usr/share/texlive/texmf-dist/tex/generic/pgf/utilities/pgfkeys.code.tex
\pgfkeys@pathtoks=\toks22
\pgfkeys@temptoks=\toks23

(/usr/share/texlive/texmf-dist/tex/generic/pgf/utilities/pgfkeyslibraryfiltered
.code.tex
\pgfkeys@tmptoks=\toks24
))) (/usr/share/texlive/texmf-dist/tex/latex/pgf/math/pgfmath.sty
(/usr/share/texlive/texmf-dist/tex/generic/pgf/math/pgfmath.code.tex
(/usr/share/texlive/texmf-dist/tex/generic/pgf/math/pgfmathutil.code.tex
\pgf@x=\dimen151
\pgf@xa=\dimen152
\pgf@xb=\dimen153
\pgf@xc=\dimen154
\pgf@y=\dimen155
\pgf@ya=\dimen156
\pgf@yb=\dimen157
\pgf@yc=\dimen158
\c@pgf@counta=\count273
\c@pgf@countb=\count274
\c@pgf@countc=\count275
\c@pgf@countd=\count276
)
(/usr/share/texlive/texmf-dist/tex/generic/pgf/math/pgfmathparser.code.tex
\pgfmath@dimen=\dimen159
\pgfmath@count=\count277
\pgfmath@box=\box53
\pgfmath@toks=\toks25
\pgfmath@stack@operand=\toks26
\pgfmath@stack@operation=\toks27
)
(/usr/share/texlive/texmf-dist/tex/generic/pgf/math/pgfmathfunctions.code.tex)
(/usr/share/texlive/texmf-dist/tex/generic/pgf/math/pgfmathfunctions.basic.code
.tex)
(/usr/share/texlive/texmf-dist/tex/generic/pgf/math/pgfmathfunctions.trigonomet
ric.code.tex)
(/usr/share/texlive/texmf-dist/tex/generic/pgf/math/pgfmathfunctions.random.cod
e.tex)
(/usr/share/texlive/texmf-dist/tex/generic/pgf/math/pgfmathfunctions.comparison
.code.tex)
(/usr/share/texlive/texmf-dist/tex/generic/pgf/math/pgfmathfunctions.base.code.
tex)
(/usr/share/texlive/texmf-dist/tex/generic/pgf/math/pgfmathfunctions.round.code
.tex)
(/usr/share/texlive/texmf-dist/tex/generic/pgf/math/pgfmathfunctions.misc.code.
tex)
(/usr/share/texlive/texmf-dist/tex/generic/pgf/math/pgfmathfunctions.integerari
thmetics.code.tex)
(/usr/share/texlive/texmf-dist/tex/generic/pgf/math/pgfmathcalc.code.tex)
(/usr/share/texlive/texmf-dist/tex/generic/pgf/math/pgfmathfloat.code.tex
\c@pgfmathroundto@lastzeros=\count278
)))
(/usr/share/texlive/texmf-dist/tex/generic/pgf/utilities/pgffor.code.tex
Package: pgffor 2023-01-15 v3.1.10 (3.1.10)
\pgffor@iter=\dimen160
\pgffor@skip=\dimen161
\pgffor@stack=\toks28
\pgffor@toks=\toks29
))
\psLoopIndex=\count279

`PSTricks' v3.18  <2022/11/28> (tvz,hv)
\pst@dima=\dimen162
\pst@dimb=\dimen163
\pst@dimc=\dimen164
\pst@dimd=\dimen165
\pst@dimg=\dimen166
\pst@dimh=\dimen167
\pst@dimm=\dimen168
\pst@dimn=\dimen169
\pst@dimo=\dimen170
\pst@dimp=\dimen171
\pst@hbox=\box54
\pst@ibox=\box55
\pst@boxg=\box56
\pst@cnta=\count280
\pst@cntb=\count281
\pst@cntc=\count282
\pst@cntd=\count283
\pst@cntg=\count284
\pst@cnth=\count285
\pst@cntm=\count286
\pst@cntn=\count287
\pst@cnto=\count288
\pst@cntp=\count289
\@zero=\count290
\pst@toks=\toks30
--- We are running lualatex with luapstricks ---
Lua module: luapstricks 2022-09-10 v0.6 PSTricks backend for LuaLaTeX
Lua function luaPST = 26
Lua function luaPSTcolor = 27
Lua function luaPSTbox = 28 (/usr/share/texlive/texmf-dist/tex/generic/pstricks
/pstricks-color.tex)
\psunit=\dimen172
\psxunit=\dimen173
\psyunit=\dimen174
\pst@C@@rType=\count291
\pslinewidth=\dimen175
\psk@startLW=\dimen176
\psk@endLW=\dimen177

(/usr/share/texlive/texmf-dist/tex/generic/pstricks/pstricks-arrows.tex
\pshooklength=\dimen178
\pshookwidth=\dimen179
)
\pst@customdefs=\toks31

(/usr/share/texlive/texmf-dist/tex/generic/pstricks/pstricks-dots.tex)
\pslinearc=\dimen180
\pst@symbolStep=\dimen181
\pst@symbolWidth=\dimen182
\pst@symbolLinewidth=\dimen183
\everypsbox=\toks32
\psframesep=\dimen184
\pslabelsep=\dimen185
\sh@wgridXunit=\dimen186
\sh@wgridYunit=\dimen187
\pst@shift=\dimen188
\ps@imagectr=\count292
)
File: pstricks.tex 2022/11/28 v3.18 `PSTricks' (tvz,hv)

(/usr/share/texlive/texmf-dist/tex/generic/pstricks/pst-fp.tex
`pst-fp' v0.06, 2020/11/20 (hv))
File: pst-fp.tex 2020/11/20 v0.06 `PST-fp' (hv)
)
(/usr/share/texlive/texmf-dist/tex/latex/pst-node/pst-node.sty
Package: pst-node 2012/09/18 v1.01 LaTeX wrapper for `pst-node' (HV)
Package: pst-node 2010/04/22 package wrapper for pst-node.tex

(/usr/share/texlive/texmf-dist/tex/generic/pst-node/pst-node.tex
 v1.43, 2022/01/31
\psrow=\count293
\pscol=\count294
\psmatrixcnt=\count295
\psrowsep=\skip50
\pscolsep=\skip51
\pst@args=\count296
\num@pts=\count297
\pst@argcnt=\count298
)
File: pst-node.tex 2022/01/31 1.43 `pst-node' (tvz,hv)
) (/usr/share/texlive/texmf-dist/tex/latex/tools/calc.sty
Package: calc 2017/05/25 v4.3 Infix arithmetic (KKT,FJ)
\calc@Acount=\count299
\calc@Bcount=\count300
\calc@Adimen=\dimen189
\calc@Bdimen=\dimen190
\calc@Askip=\skip52
\calc@Bskip=\skip53
LaTeX Info: Redefining \setlength on input line 80.
LaTeX Info: Redefining \addtolength on input line 81.
\calc@Ccount=\count301
\calc@Cskip=\skip54
)
(/usr/share/texlive/texmf-dist/tex/latex/base/ifthen.sty
Package: ifthen 2022/04/13 v1.1d Standard LaTeX ifthen package (DPC)
)
\stmarkbox=\box57
\c@gomove=\count302
\c@boardsize=\count303
\goxunit=\skip55
\goyunit=\skip56
\tmplx=\skip57
\tmply=\skip58
\tmpxa=\skip59
\tmpxb=\skip60
\tmpya=\skip61
\tmpyb=\skip62
\c@gotmpc=\count304
)
(/usr/share/texlive/texmf-dist/tex/latex/amsmath/amsmath.sty
Package: amsmath 2022/04/08 v2.17n AMS math features
\@mathmargin=\skip63

For additional information on amsmath, use the `?' option.
(/usr/share/texlive/texmf-dist/tex/latex/amsmath/amstext.sty
Package: amstext 2021/08/26 v2.01 AMS text

(/usr/share/texlive/texmf-dist/tex/latex/amsmath/amsgen.sty
File: amsgen.sty 1999/11/30 v2.0 generic functions
\@emptytoks=\toks33
\ex@=\dimen191
))
(/usr/share/texlive/texmf-dist/tex/latex/amsmath/amsbsy.sty
Package: amsbsy 1999/11/29 v1.2d Bold Symbols
\pmbraise@=\dimen192
)
(/usr/share/texlive/texmf-dist/tex/latex/amsmath/amsopn.sty
Package: amsopn 2022/04/08 v2.04 operator names
)
\inf@bad=\count305
LaTeX Info: Redefining \frac on input line 236.
\uproot@=\count306
\leftroot@=\count307
LaTeX Info: Redefining \overline on input line 399.
LaTeX Info: Redefining \colon on input line 410.
\classnum@=\count308
\DOTSCASE@=\count309
LaTeX Info: Redefining \ldots on input line 496.
LaTeX Info: Redefining \dots on input line 499.
LaTeX Info: Redefining \cdots on input line 620.
\Mathstrutbox@=\box58
\strutbox@=\box59
LaTeX Info: Redefining \big on input line 722.
LaTeX Info: Redefining \Big on input line 723.
LaTeX Info: Redefining \bigg on input line 724.
LaTeX Info: Redefining \Bigg on input line 725.
\big@size=\dimen193
LaTeX Font Info:    Redeclaring font encoding OML on input line 743.
LaTeX Font Info:    Redeclaring font encoding OMS on input line 744.
\macc@depth=\count310
LaTeX Info: Redefining \bmod on input line 905.
LaTeX Info: Redefining \pmod on input line 910.
LaTeX Info: Redefining \smash on input line 940.
LaTeX Info: Redefining \relbar on input line 970.
LaTeX Info: Redefining \Relbar on input line 971.
\c@MaxMatrixCols=\count311
\dotsspace@=\muskip16
\c@parentequation=\count312
\dspbrk@lvl=\count313
\tag@help=\toks34
\row@=\count314
\column@=\count315
\maxfields@=\count316
\andhelp@=\toks35
\eqnshift@=\dimen194
\alignsep@=\dimen195
\tagshift@=\dimen196
\tagwidth@=\dimen197
\totwidth@=\dimen198
\lineht@=\dimen199
\@envbody=\toks36
\multlinegap=\skip64
\multlinetaggap=\skip65
\mathdisplay@stack=\toks37
LaTeX Info: Redefining \[ on input line 2953.
LaTeX Info: Redefining \] on input line 2954.
)
(/usr/share/texlive/texmf-dist/tex/latex/l3backend/l3backend-luatex.def
File: l3backend-luatex.def 2023-01-16 L3 backend support: PDF output (LuaTeX)
\l__color_backend_stack_int=\count317
\l__pdf_internal_box=\box60
)
No file kema_invasion_moderne_R.aux.

\openout1 = kema_invasion_moderne_R.aux
LaTeX Font Info:    Checking defaults for OML/cmm/m/it on input line 7.
LaTeX Font Info:    ... okay on input line 7.
LaTeX Font Info:    Checking defaults for OMS/cmsy/m/n on input line 7.
LaTeX Font Info:    ... okay on input line 7.
LaTeX Font Info:    Checking defaults for OT1/cmr/m/n on input line 7.
LaTeX Font Info:    ... okay on input line 7.
LaTeX Font Info:    Checking defaults for T1/cmr/m/n on input line 7.
LaTeX Font Info:    ... okay on input line 7.
LaTeX Font Info:    Checking defaults for TS1/cmr/m/n on input line 7.
LaTeX Font Info:    Trying to load font information for TS1+cmr on input line 7
.
(/usr/share/texlive/texmf-dist/tex/latex/base/ts1cmr.fd
File: ts1cmr.fd 2022/07/10 v2.5l Standard LaTeX font definitions
)
LaTeX Font Info:    ... okay on input line 7.
LaTeX Font Info:    Checking defaults for TU/lmr/m/n on input line 7.
LaTeX Font Info:    ... okay on input line 7.
LaTeX Font Info:    Checking defaults for OMX/cmex/m/n on input line 7.
LaTeX Font Info:    ... okay on input line 7.
LaTeX Font Info:    Checking defaults for U/cmr/m/n on input line 7.
LaTeX Font Info:    ... okay on input line 7.

Preview: Fontsize 10pt
Preview: PDFoutput 1
*geometry* driver: auto-detecting
*geometry* detected driver: luatex
*geometry* verbose mode - [ preamble ] result:
* driver: luatex
* paper: custom
* layout: <same size as paper>
* layoutoffset:(h,v)=(0.0pt,0.0pt)
* modes: 
* h-part:(L,W,R)=(0.0pt, 290.21802pt, 0.0pt)
* v-part:(T,H,B)=(0.0pt, 416.83269pt, 0.0pt)
* \paperwidth=290.21802pt
* \paperheight=416.83269pt
* \textwidth=290.21802pt
* \textheight=416.83269pt
* \oddsidemargin=-72.26999pt
* \evensidemargin=-72.26999pt
* \topmargin=-109.26999pt
* \headheight=12.0pt
* \headsep=25.0pt
* \topskip=10.0pt
* \footskip=30.0pt
* \marginparwidth=65.0pt
* \marginparsep=11.0pt
* \columnsep=10.0pt
* \skip\footins=9.0pt plus 4.0pt minus 2.0pt
* \hoffset=0.0pt
* \voffset=0.0pt
* \mag=1000
* \@twocolumnfalse
* \@twosidefalse
* \@mparswitchfalse
* \@reversemarginfalse
* (1in=72.27pt=25.4mm, 1cm=28.453pt)

(/usr/share/texlive/texmf-dist/tex/context/base/mkii/supp-pdf.mkii
[Loading MPS to PDF converter (version 2006.09.02).]
\scratchcounter=\count318
\scratchdimen=\dimen256
\scratchbox=\box61
\nofMPsegments=\count319
\nofMParguments=\count320
\everyMPshowfont=\toks38
\MPscratchCnt=\count321
\MPscratchDim=\dimen257
\MPnumerator=\count322
\makeMPintoPDFobject=\count323
\everyMPtoPDFconversion=\toks39
)
Preview: Tightpage 0 0 0 0
[1
Extended graphic state modifications dropped since `pdfmanagement-testphase' is 
not loaded.
Extended graphic state modifications dropped since `pdfmanagement-testphase' is 
not loaded.
Extended graphic state modifications dropped since `pdfmanagement-testphase' is 
not loaded.
Extended graphic state modifications dropped since `pdfmanagement-testphase' is 
not loaded.
Extended graphic state modifications dropped since `pdfmanagement-testphase' is 
not loaded.
Extended graphic state modifications dropped since `pdfmanagement-testphase' is 
not loaded.
Extended graphic state modifications dropped since `pdfmanagement-testphase' is 
not loaded.
Extended graphic state modifications dropped since `pdfmanagement-testphase' is 
not loaded.
Extended graphic state modifications dropped since `pdfmanagement-testphase' is 
not loaded.
Extended graphic state modifications dropped since `pdfmanagement-testphase' is 
not loaded.
Extended graphic state modifications dropped since `pdfmanagement-testphase' is 
not loaded.
Extended graphic state modifications dropped since `pdfmanagement-testphase' is 
not loaded.
Extended graphic state modifications dropped since `pdfmanagement-testphase' is 
not loaded.
Extended graphic state modifications dropped since `pdfmanagement-testphase' is 
not loaded.
Extended graphic state modifications dropped since `pdfmanagement-testphase' is 
not loaded.
Extended graphic state modifications dropped since `pdfmanagement-testphase' is 
not loaded.
Extended graphic state modifications dropped since `pdfmanagement-testphase' is 
not loaded.
Extended graphic state modifications dropped since `pdfmanagement-testphase' is 
not loaded.
Extended graphic state modifications dropped since `pdfmanagement-testphase' is 
not loaded.
Extended graphic state modifications dropped since `pdfmanagement-testphase' is 
not loaded.
Extended graphic state modifications dropped since `pdfmanagement-testphase' is 
not loaded.
Extended graphic state modifications dropped since `pdfmanagement-testphase' is 
not loaded.
Extended graphic state modifications dropped since `pdfmanagement-testphase' is 
not loaded.
Extended graphic state modifications dropped since `pdfmanagement-testphase' is 
not loaded.
Extended graphic state modifications dropped since `pdfmanagement-testphase' is 
not loaded.
Extended graphic state modifications dropped since `pdfmanagement-testphase' is 
not loaded.
Extended graphic state modifications dropped since `pdfmanagement-testphase' is 
not loaded.
Extended graphic state modifications dropped since `pdfmanagement-testphase' is 
not loaded.
Extended graphic state modifications dropped since `pdfmanagement-testphase' is 
not loaded.
Extended graphic state modifications dropped since `pdfmanagement-testphase' is 
not loaded.
Extended graphic state modifications dropped since `pdfmanagement-testphase' is 
not loaded.
Extended graphic state modifications dropped since `pdfmanagement-testphase' is 
not loaded.
Extended graphic state modifications dropped since `pdfmanagement-testphase' is 
not loaded.
Extended graphic state modifications dropped since `pdfmanagement-testphase' is 
not loaded.
Extended graphic state modifications dropped since `pdfmanagement-testphase' is 
not loaded.
Extended graphic state modifications dropped since `pdfmanagement-testphase' is 
not loaded.
Extended graphic state modifications dropped since `pdfmanagement-testphase' is 
not loaded.
Extended graphic state modifications dropped since `pdfmanagement-testphase' is 
not loaded.
Extended graphic state modifications dropped since `pdfmanagement-testphase' is 
not loaded.
Extended graphic state modifications dropped since `pdfmanagement-testphase' is 
not loaded.{/var/lib/texmf/fonts/map/pdftex/updmap/pdftex.map}
Extended graphic state modifications dropped since `pdfmanagement-testphase' is 
not loaded.
Extended graphic state modifications dropped since `pdfmanagement-testphase' is 
not loaded.
Extended graphic state modifications dropped since `pdfmanagement-testphase' is 
not loaded.
Extended graphic state modifications dropped since `pdfmanagement-testphase' is 
not loaded.
Extended graphic state modifications dropped since `pdfmanagement-testphase' is 
not loaded.
Extended graphic state modifications dropped since `pdfmanagement-testphase' is 
not loaded.
Extended graphic state modifications dropped since `pdfmanagement-testphase' is 
not loaded.
Extended graphic state modifications dropped since `pdfmanagement-testphase' is 
not loaded.
Extended graphic state modifications dropped since `pdfmanagement-testphase' is 
not loaded.
Extended graphic state modifications dropped since `pdfmanagement-testphase' is 
not loaded.
Extended graphic state modifications dropped since `pdfmanagement-testphase' is 
not loaded.
Extended graphic state modifications dropped since `pdfmanagement-testphase' is 
not loaded.
Extended graphic state modifications dropped since `pdfmanagement-testphase' is 
not loaded.
Extended graphic state modifications dropped since `pdfmanagement-testphase' is 
not loaded.
Extended graphic state modifications dropped since `pdfmanagement-testphase' is 
not loaded.
Extended graphic state modifications dropped since `pdfmanagement-testphase' is 
not loaded.
Extended graphic state modifications dropped since `pdfmanagement-testphase' is 
not loaded.
Extended graphic state modifications dropped since `pdfmanagement-testphase' is 
not loaded.
Extended graphic state modifications dropped since `pdfmanagement-testphase' is 
not loaded.
Extended graphic state modifications dropped since `pdfmanagement-testphase' is 
not loaded.
Extended graphic state modifications dropped since `pdfmanagement-testphase' is 
not loaded.
Extended graphic state modifications dropped since `pdfmanagement-testphase' is 
not loaded.
Extended graphic state modifications dropped since `pdfmanagement-testphase' is 
not loaded.
Extended graphic state modifications dropped since `pdfmanagement-testphase' is 
not loaded.
Extended graphic state modifications dropped since `pdfmanagement-testphase' is 
not loaded.
Extended graphic state modifications dropped since `pdfmanagement-testphase' is 
not loaded.
Extended graphic state modifications dropped since `pdfmanagement-testphase' is 
not loaded.
Extended graphic state modifications dropped since `pdfmanagement-testphase' is 
not loaded.
Extended graphic state modifications dropped since `pdfmanagement-testphase' is 
not loaded.
Extended graphic state modifications dropped since `pdfmanagement-testphase' is 
not loaded.
Extended graphic state modifications dropped since `pdfmanagement-testphase' is 
not loaded.
Extended graphic state modifications dropped since `pdfmanagement-testphase' is 
not loaded.
Extended graphic state modifications dropped since `pdfmanagement-testphase' is 
not loaded.
Extended graphic state modifications dropped since `pdfmanagement-testphase' is 
not loaded.
Extended graphic state modifications dropped since `pdfmanagement-testphase' is 
not loaded.
Extended graphic state modifications dropped since `pdfmanagement-testphase' is 
not loaded.
Extended graphic state modifications dropped since `pdfmanagement-testphase' is 
not loaded.
Extended graphic state modifications dropped since `pdfmanagement-testphase' is 
not loaded.
Extended graphic state modifications dropped since `pdfmanagement-testphase' is 
not loaded.
Extended graphic state modifications dropped since `pdfmanagement-testphase' is 
not loaded.
Extended graphic state modifications dropped since `pdfmanagement-testphase' is 
not loaded.
Extended graphic state modifications dropped since `pdfmanagement-testphase' is 
not loaded.
Extended graphic state modifications dropped since `pdfmanagement-testphase' is 
not loaded.
Extended graphic state modifications dropped since `pdfmanagement-testphase' is 
not loaded.
Extended graphic state modifications dropped since `pdfmanagement-testphase' is 
not loaded.
Extended graphic state modifications dropped since `pdfmanagement-testphase' is 
not loaded.
Extended graphic state modifications dropped since `pdfmanagement-testphase' is 
not loaded.
Extended graphic state modifications dropped since `pdfmanagement-testphase' is 
not loaded.
Extended graphic state modifications dropped since `pdfmanagement-testphase' is 
not loaded.
Extended graphic state modifications dropped since `pdfmanagement-testphase' is 
not loaded.
Extended graphic state modifications dropped since `pdfmanagement-testphase' is 
not loaded.
Extended graphic state modifications dropped since `pdfmanagement-testphase' is 
not loaded.
Extended graphic state modifications dropped since `pdfmanagement-testphase' is 
not loaded.
Extended graphic state modifications dropped since `pdfmanagement-testphase' is 
not loaded.
Extended graphic state modifications dropped since `pdfmanagement-testphase' is 
not loaded.
Extended graphic state modifications dropped since `pdfmanagement-testphase' is 
not loaded.
Extended graphic state modifications dropped since `pdfmanagement-testphase' is 
not loaded.
Extended graphic state modifications dropped since `pdfmanagement-testphase' is 
not loaded.
Extended graphic state modifications dropped since `pdfmanagement-testphase' is 
not loaded.
Extended graphic state modifications dropped since `pdfmanagement-testphase' is 
not loaded.
Extended graphic state modifications dropped since `pdfmanagement-testphase' is 
not loaded.
Extended graphic state modifications dropped since `pdfmanagement-testphase' is 
not loaded.] (./kema_invasion_moderne_R.aux))

Here is how much of LuaTeX's memory you used:
 11689 strings out of 478382
 100000,1977958 words of node,token memory allocated
 564 words of node memory still in use:
   6 hlist, 2 vlist, 2 rule, 2 glue, 4 kern, 1 glyph, 13 attribute, 57 glue_spec
, 13 attribute_list, 2 write, 5 late_lua, 1 pdf_colorstack nodes
   avail lists: 2:1274,3:17,4:576,5:381,6:18,7:1895,8:5,9:1319,10:10,11:28
 31398 multiletter control sequences out of 65536+600000
 51 fonts using 3037831 bytes
 90i,9n,81p,578b,613s stack positions out of 10000i,1000n,20000p,200000b,200000s
</usr/share/texmf/fonts/opentype/public/lm/lmroman10-regular.otf></usr/share/tex
mf/fonts/opentype/public/lm/lmsans10-regular.otf></usr/share/texlive/texmf-dist/
fonts/type1/public/amsfonts/cm/cmbsy10.pfb></usr/share/texlive/texmf-dist/fonts/
type1/public/amsfonts/cm/cmsy10.pfb>
Output written on kema_invasion_moderne_R.pdf (1 page, 26322 bytes).

PDF statistics: 30 PDF objects out of 1000 (max. 8388607)
 18 compressed objects within 1 object stream
 0 named destinations out of 1000 (max. 131072)
 1 words of extra memory for PDF output out of 10000 (max. 100000000)

